<?xml version="1.0" encoding="UTF-8"?>
<testng-results skipped="0" failed="1" ignored="0" total="3" passed="2">
  <reporter-output>
  </reporter-output>
  <suite name="Default suite" duration-ms="53132" started-at="2019-03-25T05:53:37Z" finished-at="2019-03-25T05:54:30Z">
    <groups>
    </groups>
    <test name="Default test" duration-ms="53132" started-at="2019-03-25T05:53:37Z" finished-at="2019-03-25T05:54:30Z">
      <class name="com.guru99.qa.testcases.LoginTest">
        <test-method status="PASS" signature="initialize()[pri:0, instance:com.guru99.qa.testcases.LoginTest@3ffc5af1]" name="initialize" is-config="true" duration-ms="7" started-at="2019-03-25T11:23:37Z" finished-at="2019-03-25T11:23:37Z">
          <reporter-output>
          </reporter-output>
        </test-method> <!-- initialize -->
        <test-method status="PASS" signature="initial_Setup()[pri:0, instance:com.guru99.qa.testcases.LoginTest@3ffc5af1]" name="initial_Setup" is-config="true" duration-ms="7844" started-at="2019-03-25T11:23:37Z" finished-at="2019-03-25T11:23:45Z">
          <reporter-output>
          </reporter-output>
        </test-method> <!-- initial_Setup -->
        <test-method status="PASS" signature="tc_01()[pri:0, instance:com.guru99.qa.testcases.LoginTest@3ffc5af1]" name="tc_01" duration-ms="6" started-at="2019-03-25T11:23:45Z" finished-at="2019-03-25T11:23:45Z">
          <reporter-output>
          </reporter-output>
        </test-method> <!-- tc_01 -->
        <test-method status="PASS" signature="closure()[pri:0, instance:com.guru99.qa.testcases.LoginTest@3ffc5af1]" name="closure" is-config="true" duration-ms="621" started-at="2019-03-25T11:23:45Z" finished-at="2019-03-25T11:23:45Z">
          <reporter-output>
          </reporter-output>
        </test-method> <!-- closure -->
        <test-method status="PASS" signature="initial_Setup()[pri:0, instance:com.guru99.qa.testcases.LoginTest@3ffc5af1]" name="initial_Setup" is-config="true" duration-ms="7609" started-at="2019-03-25T11:23:45Z" finished-at="2019-03-25T11:23:53Z">
          <reporter-output>
          </reporter-output>
        </test-method> <!-- initial_Setup -->
        <test-method status="FAIL" signature="tc_02()[pri:0, instance:com.guru99.qa.testcases.LoginTest@3ffc5af1]" name="tc_02" duration-ms="48" started-at="2019-03-25T11:23:53Z" finished-at="2019-03-25T11:23:53Z">
          <exception class="java.lang.AssertionError">
            <message>
              <![CDATA[expected [Guru 99] but found [Guru99 Bank Home Page]]]>
            </message>
            <full-stacktrace>
              <![CDATA[java.lang.AssertionError: expected [Guru 99] but found [Guru99 Bank Home Page]
	at org.testng.Assert.fail(Assert.java:93)
	at org.testng.Assert.failNotEquals(Assert.java:512)
	at org.testng.Assert.assertEqualsImpl(Assert.java:134)
	at org.testng.Assert.assertEquals(Assert.java:115)
	at org.testng.Assert.assertEquals(Assert.java:189)
	at org.testng.Assert.assertEquals(Assert.java:199)
	at com.guru99.qa.testcases.LoginTest.tc_02(LoginTest.java:45)
	at sun.reflect.NativeMethodAccessorImpl.invoke0(Native Method)
	at sun.reflect.NativeMethodAccessorImpl.invoke(Unknown Source)
	at sun.reflect.DelegatingMethodAccessorImpl.invoke(Unknown Source)
	at java.lang.reflect.Method.invoke(Unknown Source)
	at org.testng.internal.MethodInvocationHelper.invokeMethod(MethodInvocationHelper.java:108)
	at org.testng.internal.Invoker.invokeMethod(Invoker.java:661)
	at org.testng.internal.Invoker.invokeTestMethod(Invoker.java:869)
	at org.testng.internal.Invoker.invokeTestMethods(Invoker.java:1193)
	at org.testng.internal.TestMethodWorker.invokeTestMethods(TestMethodWorker.java:126)
	at org.testng.internal.TestMethodWorker.run(TestMethodWorker.java:109)
	at org.testng.TestRunner.privateRun(TestRunner.java:744)
	at org.testng.TestRunner.run(TestRunner.java:602)
	at org.testng.SuiteRunner.runTest(SuiteRunner.java:380)
	at org.testng.SuiteRunner.runSequentially(SuiteRunner.java:375)
	at org.testng.SuiteRunner.privateRun(SuiteRunner.java:340)
	at org.testng.SuiteRunner.run(SuiteRunner.java:289)
	at org.testng.SuiteRunnerWorker.runSuite(SuiteRunnerWorker.java:52)
	at org.testng.SuiteRunnerWorker.run(SuiteRunnerWorker.java:86)
	at org.testng.TestNG.runSuitesSequentially(TestNG.java:1301)
	at org.testng.TestNG.runSuitesLocally(TestNG.java:1226)
	at org.testng.TestNG.runSuites(TestNG.java:1144)
	at org.testng.TestNG.run(TestNG.java:1115)
	at org.testng.remote.AbstractRemoteTestNG.run(AbstractRemoteTestNG.java:114)
	at org.testng.remote.RemoteTestNG.initAndRun(RemoteTestNG.java:251)
	at org.testng.remote.RemoteTestNG.main(RemoteTestNG.java:77)
]]>
            </full-stacktrace>
          </exception> <!-- java.lang.AssertionError -->
          <reporter-output>
          </reporter-output>
        </test-method> <!-- tc_02 -->
        <test-method status="PASS" signature="closure()[pri:0, instance:com.guru99.qa.testcases.LoginTest@3ffc5af1]" name="closure" is-config="true" duration-ms="627" started-at="2019-03-25T11:23:53Z" finished-at="2019-03-25T11:23:54Z">
          <reporter-output>
          </reporter-output>
        </test-method> <!-- closure -->
        <test-method status="PASS" signature="initial_Setup()[pri:0, instance:com.guru99.qa.testcases.LoginTest@3ffc5af1]" name="initial_Setup" is-config="true" duration-ms="7754" started-at="2019-03-25T11:23:54Z" finished-at="2019-03-25T11:24:02Z">
          <reporter-output>
          </reporter-output>
        </test-method> <!-- initial_Setup -->
        <test-method status="PASS" signature="tc_03()[pri:0, instance:com.guru99.qa.testcases.LoginTest@3ffc5af1]" name="tc_03" duration-ms="27962" started-at="2019-03-25T11:24:02Z" finished-at="2019-03-25T11:24:29Z">
          <reporter-output>
          </reporter-output>
        </test-method> <!-- tc_03 -->
        <test-method status="PASS" signature="closure()[pri:0, instance:com.guru99.qa.testcases.LoginTest@3ffc5af1]" name="closure" is-config="true" duration-ms="637" started-at="2019-03-25T11:24:29Z" finished-at="2019-03-25T11:24:30Z">
          <reporter-output>
          </reporter-output>
        </test-method> <!-- closure -->
        <test-method status="PASS" signature="TeardownTest()[pri:0, instance:com.guru99.qa.testcases.LoginTest@3ffc5af1]" name="TeardownTest" is-config="true" duration-ms="0" started-at="2019-03-25T11:24:30Z" finished-at="2019-03-25T11:24:30Z">
          <reporter-output>
          </reporter-output>
        </test-method> <!-- TeardownTest -->
      </class> <!-- com.guru99.qa.testcases.LoginTest -->
    </test> <!-- Default test -->
  </suite> <!-- Default suite -->
</testng-results>
